<component name="ProjectRunConfigurationManager">
  <configuration default="false" name="test-heroku-container" type="docker-deploy" factoryName="docker-image" server-name="Docker">
    <deployment type="docker-image">
      <settings>
        <option name="imageTag" value="registry.heroku.com/pocker-backend/web:latest" />
        <option name="command" value="" />
        <option name="containerName" value="pocker-backend" />
        <option name="entrypoint" value="" />
        <option name="envVars">
          <list>
            <DockerEnvVarImpl>
              <option name="name" value="PORT" />
              <option name="value" value="8080" />
            </DockerEnvVarImpl>
          </list>
        </option>
        <option name="portBindings">
          <list>
            <DockerPortBindingImpl>
              <option name="containerPort" value="8080" />
              <option name="hostPort" value="8080" />
            </DockerPortBindingImpl>
          </list>
        </option>
        <option name="commandLineOptions" value="-d" />
      </settings>
    </deployment>
    <method v="2" />
  </configuration>
</component>